[debug] [2024-02-19T17:48:31.353Z] ----------------------------------------------------------------------
[debug] [2024-02-19T17:48:31.356Z] Command:       C:\Program Files\nodejs\node.exe C:\Users\patha\AppData\Roaming\npm\node_modules\firebase-tools\lib\bin\firebase.js init
[debug] [2024-02-19T17:48:31.357Z] CLI Version:   13.3.0
[debug] [2024-02-19T17:48:31.357Z] Platform:      win32
[debug] [2024-02-19T17:48:31.357Z] Node Version:  v20.10.0
[debug] [2024-02-19T17:48:31.358Z] Time:          Mon Feb 19 2024 23:18:31 GMT+0530 (India Standard Time)
[debug] [2024-02-19T17:48:31.358Z] ----------------------------------------------------------------------
[debug] 
[debug] [2024-02-19T17:48:31.365Z] > command requires scopes: ["email","openid","https://www.googleapis.com/auth/cloudplatformprojects.readonly","https://www.googleapis.com/auth/firebase","https://www.googleapis.com/auth/cloud-platform"]
[debug] [2024-02-19T17:48:31.365Z] > authorizing via signed-in user (shivamkumarpathakmisu@gmail.com)
[info] 
     ######## #### ########  ######## ########     ###     ######  ########
     ##        ##  ##     ## ##       ##     ##  ##   ##  ##       ##
     ######    ##  ########  ######   ########  #########  ######  ######
     ##        ##  ##    ##  ##       ##     ## ##     ##       ## ##
     ##       #### ##     ## ######## ########  ##     ##  ######  ########

You're about to initialize a Firebase project in this directory:

  D:\Programming\5. Web Development\textinger

[info] 
=== Project Setup
[info] 
[info] First, let's associate this project directory with a Firebase project.
[info] You can create multiple project aliases by running firebase use --add, 
[info] but for now we'll just set up a default project.
[info] 
[debug] [2024-02-19T17:49:47.846Z] >>> [apiv2][query] GET https://firebase.googleapis.com/v1beta1/projects pageSize=100
[debug] [2024-02-19T17:49:48.876Z] <<< [apiv2][status] GET https://firebase.googleapis.com/v1beta1/projects 200
[debug] [2024-02-19T17:49:48.876Z] <<< [apiv2][body] GET https://firebase.googleapis.com/v1beta1/projects [omitted]
[info] i  Using project textinger-dc9bc (Textinger) 
[info] 
=== Hosting Setup
[debug] [2024-02-19T17:49:55.660Z] >>> [apiv2][query] GET https://firebase.googleapis.com/v1beta1/projects/textinger-dc9bc [none]
[debug] [2024-02-19T17:49:56.505Z] <<< [apiv2][status] GET https://firebase.googleapis.com/v1beta1/projects/textinger-dc9bc 200
[debug] [2024-02-19T17:49:56.505Z] <<< [apiv2][body] GET https://firebase.googleapis.com/v1beta1/projects/textinger-dc9bc {"projectId":"textinger-dc9bc","projectNumber":"915136898336","displayName":"Textinger","name":"projects/textinger-dc9bc","resources":{"hostingSite":"textinger-dc9bc","realtimeDatabaseInstance":"textinger-dc9bc-default-rtdb"},"state":"ACTIVE","etag":"1_d976f936-54cf-44bf-9431-e14b6c22e21e"}
[info] 
[info] Your public directory is the folder (relative to your project directory) that
[info] will contain Hosting assets to be uploaded with firebase deploy. If you
[info] have a build process for your assets, use your build's output directory.
[info] 
[debug] [2024-02-19T17:50:59.388Z] >>> [apiv2][query] GET https://www.gstatic.com/firebasejs/releases.json [none]
[debug] [2024-02-19T17:50:59.787Z] <<< [apiv2][status] GET https://www.gstatic.com/firebasejs/releases.json 200
[debug] [2024-02-19T17:50:59.787Z] <<< [apiv2][body] GET https://www.gstatic.com/firebasejs/releases.json {"current":{"version":"10.8.0","browserURL":"https://www.gstatic.com/firebasejs/10.8.0/firebase.js","packageURL":"https://www.gstatic.com/firebasejs/10.8.0/firebase.tgz"},"live":{"version":"10.8","browserURL":"https://www.gstatic.com/firebasejs/live/10.8/firebase.js","packageURL":"https://www.gstatic.com/firebasejs/live/10.8/firebase.tgz"},"components":{"analytics":"https://www.gstatic.com/firebasejs/10.8.0/firebase-analytics.js","app":"https://www.gstatic.com/firebasejs/10.8.0/firebase-app.js","app-check":"https://www.gstatic.com/firebasejs/10.8.0/firebase-app-check.js","auth":"https://www.gstatic.com/firebasejs/10.8.0/firebase-auth.js","auth/cordova":"https://www.gstatic.com/firebasejs/10.8.0/firebase-auth/cordova.js","auth/web-extension":"https://www.gstatic.com/firebasejs/10.8.0/firebase-auth/web-extension.js","functions":"https://www.gstatic.com/firebasejs/10.8.0/firebase-functions.js","firestore":"https://www.gstatic.com/firebasejs/10.8.0/firebase-firestore.js","firestore/lite":"https://www.gstatic.com/firebasejs/10.8.0/firebase-firestore/lite.js","installations":"https://www.gstatic.com/firebasejs/10.8.0/firebase-installations.js","storage":"https://www.gstatic.com/firebasejs/10.8.0/firebase-storage.js","performance":"https://www.gstatic.com/firebasejs/10.8.0/firebase-performance.js","remote-config":"https://www.gstatic.com/firebasejs/10.8.0/firebase-remote-config.js","messaging":"https://www.gstatic.com/firebasejs/10.8.0/firebase-messaging.js","messaging/sw":"https://www.gstatic.com/firebasejs/10.8.0/firebase-messaging/sw.js","database":"https://www.gstatic.com/firebasejs/10.8.0/firebase-database.js","firestore.memory":"https://www.gstatic.com/firebasejs/10.8.0/firebase-firestore.memory.js"}}
[info] +  Wrote build/index.html 
[info] 
[info] i  Detected a .git folder at D:\Programming\5. Web Development\textinger 
[info] i  Authorizing with GitHub to upload your service account to a GitHub repository's secrets store. 
[info] 
[info] Visit this URL on this device to log in:
[info] https://github.com/login/oauth/authorize?client_id=89cf50f02ac6aaed3484&state=260869962&redirect_uri=http%3A%2F%2Flocalhost%3A9005&scope=read%3Auser%20repo%20public_repo
[info] 
[info] Waiting for authentication...
[debug] [2024-02-19T17:51:28.472Z] >>> [apiv2][query] POST https://github.com/login/oauth/access_token [none]
[debug] [2024-02-19T17:51:28.472Z] >>> [apiv2][body] POST https://github.com/login/oauth/access_token [stream]
[debug] [2024-02-19T17:51:29.075Z] <<< [apiv2][status] POST https://github.com/login/oauth/access_token 200
[debug] [2024-02-19T17:51:29.076Z] <<< [apiv2][body] POST https://github.com/login/oauth/access_token {"access_token":"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","token_type":"bearer","scope":"read:user,repo"}
[debug] [2024-02-19T17:51:29.085Z] >>> [apiv2][query] GET https://api.github.com/user [none]
[debug] [2024-02-19T17:51:29.727Z] <<< [apiv2][status] GET https://api.github.com/user 200
[debug] [2024-02-19T17:51:29.727Z] <<< [apiv2][body] GET https://api.github.com/user {"login":"shivpathk","id":108991450,"node_id":"U_kgDOBn8T2g","avatar_url":"https://avatars.githubusercontent.com/u/108991450?v=4","gravatar_id":"","url":"https://api.github.com/users/shivpathk","html_url":"https://github.com/shivpathk","followers_url":"https://api.github.com/users/shivpathk/followers","following_url":"https://api.github.com/users/shivpathk/following{/other_user}","gists_url":"https://api.github.com/users/shivpathk/gists{/gist_id}","starred_url":"https://api.github.com/users/shivpathk/starred{/owner}{/repo}","subscriptions_url":"https://api.github.com/users/shivpathk/subscriptions","organizations_url":"https://api.github.com/users/shivpathk/orgs","repos_url":"https://api.github.com/users/shivpathk/repos","events_url":"https://api.github.com/users/shivpathk/events{/privacy}","received_events_url":"https://api.github.com/users/shivpathk/received_events","type":"User","site_admin":false,"name":"Shivam Kumar","company":null,"blog":"","location":null,"email":null,"hireable":null,"bio":"Don’t worry if it doesn’t work right. If everything did, I’d be out of a job.","twitter_username":null,"public_repos":16,"public_gists":0,"followers":3,"following":1,"created_at":"2022-07-09T15:48:22Z","updated_at":"2024-01-02T17:41:05Z","private_gists":0,"total_private_repos":0,"owned_private_repos":0,"disk_usage":71072,"collaborators":0,"two_factor_authentication":false,"plan":{"name":"free","space":976562499,"collaborators":0,"private_repos":10000}}
[info] 
[info] +  Success! Logged into GitHub as shivpathk 
[info] 
